<?xml version="1.0" encoding="UTF-8"?>
<!-- Generated by org.testng.reporters.JUnitReportReporter -->
<testsuite hostname="DESKTOP-99P843S" failures="0" tests="4" name="api.test.User_properties_file" time="7.860" errors="0" timestamp="2024-03-17T13:26:55 IST" skipped="0">
  <testcase classname="api.test.User_properties_file" name="create_user" time="1.490"/>
  <testcase classname="api.test.User_properties_file" name="get_user" time="1.593"/>
  <testcase classname="api.test.User_properties_file" name="update_user" time="3.184"/>
  <testcase classname="api.test.User_properties_file" name="delete_user" time="1.593"/>
</testsuite> <!-- api.test.User_properties_file -->
