<?xml version="1.0" encoding="UTF-8"?>
<!-- Generated by org.testng.reporters.JUnitReportReporter -->
<testsuite hostname="DESKTOP-99P843S" failures="0" tests="15" name="api.test.Data_Driven_User_Test" time="72.527" errors="0" timestamp="2024-03-19T13:04:40 IST" skipped="0">
  <testcase classname="api.test.Data_Driven_User_Test" name="Create_User" time="1.889"/>
  <testcase classname="api.test.Data_Driven_User_Test" name="Create_User" time="2.272"/>
  <testcase classname="api.test.Data_Driven_User_Test" name="Create_User" time="1.465"/>
  <testcase classname="api.test.Data_Driven_User_Test" name="Create_User" time="2.573"/>
  <testcase classname="api.test.Data_Driven_User_Test" name="Create_User" time="1.746"/>
  <testcase classname="api.test.Data_Driven_User_Test" name="Get_User" time="22.594"/>
  <testcase classname="api.test.Data_Driven_User_Test" name="Get_User" time="1.551"/>
  <testcase classname="api.test.Data_Driven_User_Test" name="Get_User" time="1.954"/>
  <testcase classname="api.test.Data_Driven_User_Test" name="Get_User" time="2.553"/>
  <testcase classname="api.test.Data_Driven_User_Test" name="Get_User" time="1.633"/>
  <testcase classname="api.test.Data_Driven_User_Test" name="delete_User" time="1.698"/>
  <testcase classname="api.test.Data_Driven_User_Test" name="delete_User" time="25.109"/>
  <testcase classname="api.test.Data_Driven_User_Test" name="delete_User" time="1.654"/>
  <testcase classname="api.test.Data_Driven_User_Test" name="delete_User" time="1.404"/>
  <testcase classname="api.test.Data_Driven_User_Test" name="delete_User" time="2.432"/>
</testsuite> <!-- api.test.Data_Driven_User_Test -->
