<?xml version="1.0" encoding="UTF-8"?>
<!-- Generated by org.testng.reporters.JUnitReportReporter -->
<testsuite hostname="DESKTOP-99P843S" failures="0" tests="4" name="api.test.User_properties_file" time="8.249" errors="0" timestamp="2024-03-19T13:04:40 IST" skipped="0">
  <testcase classname="api.test.User_properties_file" name="create_user" time="1.630"/>
  <testcase classname="api.test.User_properties_file" name="get_user" time="2.078"/>
  <testcase classname="api.test.User_properties_file" name="update_user" time="3.153"/>
  <testcase classname="api.test.User_properties_file" name="delete_user" time="1.388"/>
</testsuite> <!-- api.test.User_properties_file -->
