<?xml version="1.0" encoding="UTF-8"?>
<!-- Generated by org.testng.reporters.JUnitReportReporter -->
<testsuite hostname="DESKTOP-99P843S" failures="0" tests="4" name="api.test.User_Test_Case" time="12.817" errors="0" timestamp="2024-03-19T13:04:40 IST" skipped="0">
  <testcase classname="api.test.User_Test_Case" name="create_user" time="4.663"/>
  <testcase classname="api.test.User_Test_Case" name="get_user" time="2.228"/>
  <testcase classname="api.test.User_Test_Case" name="update_user" time="4.055"/>
  <testcase classname="api.test.User_Test_Case" name="delete_user" time="1.871"/>
</testsuite> <!-- api.test.User_Test_Case -->
