<?xml version="1.0" encoding="UTF-8"?>
<!-- Generated by org.testng.reporters.JUnitReportReporter -->
<testsuite hostname="DESKTOP-99P843S" failures="0" tests="4" name="api.test.User_Test_Case" time="11.795" errors="0" timestamp="2024-03-17T13:26:55 IST" skipped="0">
  <testcase classname="api.test.User_Test_Case" name="create_user" time="5.238"/>
  <testcase classname="api.test.User_Test_Case" name="get_user" time="1.646"/>
  <testcase classname="api.test.User_Test_Case" name="update_user" time="3.204"/>
  <testcase classname="api.test.User_Test_Case" name="delete_user" time="1.707"/>
</testsuite> <!-- api.test.User_Test_Case -->
