<?xml version="1.0" encoding="UTF-8"?>
<!-- Generated by org.testng.reporters.JUnitReportReporter -->
<testsuite hostname="DESKTOP-99P843S" failures="0" tests="15" name="api.test.Data_Driven_User_Test" time="24.097" errors="0" timestamp="2024-03-17T13:26:55 IST" skipped="0">
  <testcase classname="api.test.Data_Driven_User_Test" name="Create_User" time="1.669"/>
  <testcase classname="api.test.Data_Driven_User_Test" name="Create_User" time="1.589"/>
  <testcase classname="api.test.Data_Driven_User_Test" name="Create_User" time="1.672"/>
  <testcase classname="api.test.Data_Driven_User_Test" name="Create_User" time="1.574"/>
  <testcase classname="api.test.Data_Driven_User_Test" name="Create_User" time="1.617"/>
  <testcase classname="api.test.Data_Driven_User_Test" name="Get_User" time="1.644"/>
  <testcase classname="api.test.Data_Driven_User_Test" name="Get_User" time="1.593"/>
  <testcase classname="api.test.Data_Driven_User_Test" name="Get_User" time="1.557"/>
  <testcase classname="api.test.Data_Driven_User_Test" name="Get_User" time="1.588"/>
  <testcase classname="api.test.Data_Driven_User_Test" name="Get_User" time="1.555"/>
  <testcase classname="api.test.Data_Driven_User_Test" name="delete_User" time="1.603"/>
  <testcase classname="api.test.Data_Driven_User_Test" name="delete_User" time="1.536"/>
  <testcase classname="api.test.Data_Driven_User_Test" name="delete_User" time="1.554"/>
  <testcase classname="api.test.Data_Driven_User_Test" name="delete_User" time="1.729"/>
  <testcase classname="api.test.Data_Driven_User_Test" name="delete_User" time="1.617"/>
</testsuite> <!-- api.test.Data_Driven_User_Test -->
