<?xml version="1.0" encoding="UTF-8"?>
<!-- Generated by org.testng.reporters.JUnitReportReporter -->
<testsuite hostname="DESKTOP-99P843S" failures="0" tests="15" name="api.test.Data_Driven_User_Test" time="25.150" errors="0" timestamp="2024-03-19T15:28:51 IST" skipped="0">
  <testcase classname="api.test.Data_Driven_User_Test" name="Create_User" time="1.904"/>
  <testcase classname="api.test.Data_Driven_User_Test" name="Create_User" time="1.891"/>
  <testcase classname="api.test.Data_Driven_User_Test" name="Create_User" time="1.731"/>
  <testcase classname="api.test.Data_Driven_User_Test" name="Create_User" time="1.930"/>
  <testcase classname="api.test.Data_Driven_User_Test" name="Create_User" time="1.512"/>
  <testcase classname="api.test.Data_Driven_User_Test" name="Get_User" time="1.442"/>
  <testcase classname="api.test.Data_Driven_User_Test" name="Get_User" time="1.440"/>
  <testcase classname="api.test.Data_Driven_User_Test" name="Get_User" time="2.455"/>
  <testcase classname="api.test.Data_Driven_User_Test" name="Get_User" time="1.449"/>
  <testcase classname="api.test.Data_Driven_User_Test" name="Get_User" time="1.471"/>
  <testcase classname="api.test.Data_Driven_User_Test" name="delete_User" time="1.474"/>
  <testcase classname="api.test.Data_Driven_User_Test" name="delete_User" time="1.478"/>
  <testcase classname="api.test.Data_Driven_User_Test" name="delete_User" time="1.923"/>
  <testcase classname="api.test.Data_Driven_User_Test" name="delete_User" time="1.583"/>
  <testcase classname="api.test.Data_Driven_User_Test" name="delete_User" time="1.467"/>
</testsuite> <!-- api.test.Data_Driven_User_Test -->
