<?xml version="1.0" encoding="UTF-8"?>
<!-- Generated by org.testng.reporters.JUnitReportReporter -->
<testsuite hostname="DESKTOP-99P843S" failures="0" tests="15" name="api.test.Data_Driven_User_Test" time="24.999" errors="0" timestamp="2024-03-17T13:21:25 IST" skipped="0">
  <testcase classname="api.test.Data_Driven_User_Test" name="Create_User" time="1.593"/>
  <testcase classname="api.test.Data_Driven_User_Test" name="Create_User" time="1.774"/>
  <testcase classname="api.test.Data_Driven_User_Test" name="Create_User" time="1.866"/>
  <testcase classname="api.test.Data_Driven_User_Test" name="Create_User" time="1.561"/>
  <testcase classname="api.test.Data_Driven_User_Test" name="Create_User" time="1.573"/>
  <testcase classname="api.test.Data_Driven_User_Test" name="Get_User" time="1.552"/>
  <testcase classname="api.test.Data_Driven_User_Test" name="Get_User" time="1.626"/>
  <testcase classname="api.test.Data_Driven_User_Test" name="Get_User" time="1.755"/>
  <testcase classname="api.test.Data_Driven_User_Test" name="Get_User" time="1.598"/>
  <testcase classname="api.test.Data_Driven_User_Test" name="Get_User" time="1.479"/>
  <testcase classname="api.test.Data_Driven_User_Test" name="delete_User" time="1.708"/>
  <testcase classname="api.test.Data_Driven_User_Test" name="delete_User" time="1.715"/>
  <testcase classname="api.test.Data_Driven_User_Test" name="delete_User" time="1.892"/>
  <testcase classname="api.test.Data_Driven_User_Test" name="delete_User" time="1.628"/>
  <testcase classname="api.test.Data_Driven_User_Test" name="delete_User" time="1.679"/>
</testsuite> <!-- api.test.Data_Driven_User_Test -->
