<?xml version="1.0" encoding="UTF-8"?>
<!-- Generated by org.testng.reporters.JUnitReportReporter -->
<testsuite hostname="DESKTOP-99P843S" failures="0" tests="4" name="api.test.User_properties_file" time="7.914" errors="0" timestamp="2024-03-17T13:21:25 IST" skipped="0">
  <testcase classname="api.test.User_properties_file" name="create_user" time="1.586"/>
  <testcase classname="api.test.User_properties_file" name="get_user" time="1.585"/>
  <testcase classname="api.test.User_properties_file" name="update_user" time="3.163"/>
  <testcase classname="api.test.User_properties_file" name="delete_user" time="1.580"/>
</testsuite> <!-- api.test.User_properties_file -->
