<?xml version="1.0" encoding="UTF-8"?>
<!-- Generated by org.testng.reporters.JUnitReportReporter -->
<testsuite hostname="DESKTOP-99P843S" failures="0" tests="4" name="api.test.User_Test_Case" time="11.560" errors="0" timestamp="2024-03-19T15:28:51 IST" skipped="0">
  <testcase classname="api.test.User_Test_Case" name="create_user" time="5.168"/>
  <testcase classname="api.test.User_Test_Case" name="get_user" time="1.591"/>
  <testcase classname="api.test.User_Test_Case" name="update_user" time="3.188"/>
  <testcase classname="api.test.User_Test_Case" name="delete_user" time="1.613"/>
</testsuite> <!-- api.test.User_Test_Case -->
